2022-04-29 12:49:21,886 -- INFO: PC          acc:{'fdr': '0.286', 'tpr': '0.625', 'fpr': '0.100', 'shd': '   3', 'nnz': '   7'}, exec time:0.37705183029174805, BDeu score:-9238.900390625, BIC score:-9204.9443359375
2022-04-29 12:49:22,447 -- INFO: gobnilpBDeu acc:{'fdr': '0.143', 'tpr': '0.750', 'fpr': '0.050', 'shd': '   2', 'nnz': '   7'}, exec time:0.5022168159484863, BDeu score:-9223.564453125
2022-04-29 12:49:22,603 -- INFO: gobnilpBIC  acc:{'fdr': '0.143', 'tpr': '0.750', 'fpr': '0.050', 'shd': '   2', 'nnz': '   7'}, exec time:0.09259819984436035, BIC score:-9187.0302734375
2022-04-29 12:50:46,333 -- INFO: BNRLBDeu    acc:{'fdr': '0.143', 'tpr': '0.750', 'fpr': '0.050', 'shd': '   2', 'nnz': '   7'}, exec time:83.72331404685974, BDeu score:-9223.564453125
2022-04-29 12:52:10,906 -- INFO: BNRL BIC    acc:{'fdr': '0.143', 'tpr': '0.750', 'fpr': '0.050', 'shd': '   2', 'nnz': '   7'}, exec time:84.5713529586792, BIC score:-9187.0302734375
2022-04-29 12:52:12,510 -- INFO: No Tears    acc:{'fdr': '0.750', 'tpr': '0.250', 'fpr': '0.300', 'shd': '   8', 'nnz': '   8'}, exec time:1.57155179977417, BDeu score:-9434.5546875, BIC score:-9398.986328125
2022-04-29 13:04:35,510 -- INFO: RL BIC      acc:{'fdr': '0.762', 'tpr': '0.625', 'fpr': '0.800', 'shd': '  16', 'nnz': '  21'}, exec time:742.939347743988, BDeu score:-9234.1455078125, BIC score:-9258.1962890625
2022-04-29 13:16:48,418 -- INFO: RL BIC2     acc:{'fdr': '0.840', 'tpr': '0.500', 'fpr': '1.050', 'shd': '  21', 'nnz': '  25'}, exec time:732.8295402526855, BDeu score:-9271.5771484375, BIC score:-9368.5244140625
2022-04-29 13:24:21,232 -- INFO: DAG-GNN     acc:{'fdr': '0.800', 'tpr': '0.500', 'fpr': '0.800', 'shd': '  18', 'nnz': '  20'}, exec time:452.77008605003357, BDeu score:-9416.78125, BIC score:-9465.501953125
2022-04-29 13:27:57,144 -- INFO: GraN-DAG    acc:{'fdr': '0.727', 'tpr': '0.375', 'fpr': '0.400', 'shd': '  10', 'nnz': '  11'}, exec time:215.876615524292, BDeu score:-9372.380859375, BIC score:-9394.6630859375
2022-04-30 14:41:26,359 -- INFO: BNRLBDeu    acc:{'fdr': '0.250', 'tpr': '0.750', 'fpr': '0.100', 'shd': '   3', 'nnz': '   8'}, exec time:198.16246390342712, BDeu score:-9180.6962890625
2022-04-30 14:49:04,921 -- INFO: BNRL BIC    acc:{'fdr': '0.143', 'tpr': '0.750', 'fpr': '0.050', 'shd': '   2', 'nnz': '   7'}, exec time:126.81859040260315, BIC score:-9187.0302734375
2022-04-30 14:51:26,331 -- INFO: gobnilpBDeu acc:{'fdr': '0.143', 'tpr': '0.750', 'fpr': '0.050', 'shd': '   2', 'nnz': '   7'}, exec time:0.5215170383453369, BDeu score:-9175.390625
2022-04-30 14:52:23,696 -- INFO: BNRL BIC    acc:{'fdr': '0.143', 'tpr': '0.750', 'fpr': '0.050', 'shd': '   2', 'nnz': '   7'}, exec time:2.130810499191284, BIC score:-9187.0302734375
2022-04-30 14:53:14,107 -- INFO: BNRL BIC    acc:{'fdr': '0.625', 'tpr': '0.375', 'fpr': '0.250', 'shd': '   9', 'nnz': '   8'}, exec time:29.747889757156372, BIC score:-9349.8408203125
2022-04-30 14:54:30,987 -- INFO: BNRL BIC    acc:{'fdr': '0.625', 'tpr': '0.375', 'fpr': '0.250', 'shd': '   9', 'nnz': '   8'}, exec time:29.984830856323242, BIC score:-9349.8408203125
2022-04-30 14:56:08,981 -- INFO: BNRL BIC    acc:{'fdr': '0.375', 'tpr': '0.625', 'fpr': '0.150', 'shd': '   4', 'nnz': '   8'}, exec time:73.22308564186096, BIC score:-9194.1513671875
2022-05-01 09:05:30,502 -- INFO: BNRL BIC    acc:{'fdr': '0.143', 'tpr': '0.750', 'fpr': '0.050', 'shd': '   2', 'nnz': '   7'}, exec time:90.56538009643555, BIC score:-9187.0302734375
2022-05-01 09:07:08,323 -- INFO: BNRL BIC    acc:{'fdr': '0.556', 'tpr': '0.500', 'fpr': '0.250', 'shd': '   6', 'nnz': '   9'}, exec time:33.12435603141785, BIC score:-9196.11328125
2022-05-01 09:09:55,006 -- INFO: BNRL BIC    acc:{'fdr': '0.143', 'tpr': '0.750', 'fpr': '0.050', 'shd': '   2', 'nnz': '   7'}, exec time:104.27087616920471, BIC score:-9187.0302734375
2022-05-01 09:42:27,987 -- INFO: BNRL BIC    acc:{'fdr': '0.143', 'tpr': '0.750', 'fpr': '0.050', 'shd': '   2', 'nnz': '   7'}, exec time:32.826136112213135, BIC score:-9187.0302734375
2022-05-01 09:46:25,565 -- INFO: BNRL BIC    acc:{'fdr': '0.625', 'tpr': '0.375', 'fpr': '0.250', 'shd': '   7', 'nnz': '   8'}, exec time:213.60540962219238, BIC score:-9205.0673828125
2022-05-01 10:01:42,619 -- INFO: BNRL BIC    acc:{'fdr': '0.667', 'tpr': '0.500', 'fpr': '0.400', 'shd': '  11', 'nnz': '  12'}, exec time:275.1772141456604, BIC score:-9241.0595703125
2022-05-01 10:06:03,032 -- INFO: BNRL BIC    acc:{'fdr': '0.444', 'tpr': '0.625', 'fpr': '0.200', 'shd': '   5', 'nnz': '   9'}, exec time:178.0136067867279, BIC score:-9212.525390625
2022-05-01 10:08:12,159 -- INFO: BNRL BIC    acc:{'fdr': '0.625', 'tpr': '0.375', 'fpr': '0.250', 'shd': '   8', 'nnz': '   8'}, exec time:49.172508239746094, BIC score:-9418.6982421875
2022-05-01 10:11:27,859 -- INFO: BNRL BIC    acc:{'fdr': '0.800', 'tpr': '0.250', 'fpr': '0.400', 'shd': '  12', 'nnz': '  10'}, exec time:96.15548062324524, BIC score:-9428.34765625
2022-05-01 10:27:29,387 -- INFO: BNRL BIC    acc:{'fdr': '0.800', 'tpr': '0.250', 'fpr': '0.400', 'shd': '  12', 'nnz': '  10'}, exec time:733.4397251605988, BIC score:-9428.34765625
2022-05-01 10:46:58,157 -- INFO: BNRL BIC    acc:{'fdr': '0.818', 'tpr': '0.250', 'fpr': '0.450', 'shd': '  13', 'nnz': '  11'}, exec time:29.1777241230011, BIC score:-9408.994140625
2022-05-01 10:50:10,876 -- INFO: BNRL BIC    acc:{'fdr': '0.556', 'tpr': '0.500', 'fpr': '0.250', 'shd': '   7', 'nnz': '   9'}, exec time:100.14813375473022, BIC score:-9217.837890625
2022-05-01 10:51:19,817 -- INFO: BNRL BIC    acc:{'fdr': '0.429', 'tpr': '0.500', 'fpr': '0.150', 'shd': '   7', 'nnz': '   7'}, exec time:62.7701690196991, BIC score:-9571.8544921875
2022-05-01 10:52:13,084 -- INFO: BNRL BIC    acc:{'fdr': '0.636', 'tpr': '0.500', 'fpr': '0.350', 'shd': '  10', 'nnz': '  11'}, exec time:44.468257904052734, BIC score:-9270.126953125
2022-05-02 20:02:54,632 -- INFO: BNRL BIC    acc:{'fdr': '0.727', 'tpr': '0.375', 'fpr': '0.400', 'shd': '  11', 'nnz': '  11'}, exec time:130.67707920074463, BIC score:-9232.1533203125
2022-05-02 20:07:40,655 -- INFO: BNRL BIC    acc:{'fdr': '0.600', 'tpr': '0.500', 'fpr': '0.300', 'shd': '   8', 'nnz': '  10'}, exec time:220.33286046981812, BIC score:-9201.453125
2022-05-02 20:09:44,593 -- INFO: BNRL BIC    acc:{'fdr': '0.600', 'tpr': '0.500', 'fpr': '0.300', 'shd': '   8', 'nnz': '  10'}, exec time:115.90945482254028, BIC score:-9201.453125
2022-05-02 20:12:56,225 -- INFO: BNRL BIC    acc:{'fdr': '0.375', 'tpr': '0.625', 'fpr': '0.150', 'shd': '   4', 'nnz': '   8'}, exec time:174.4538915157318, BIC score:-9194.1513671875
2022-05-02 20:31:04,115 -- INFO: BNRL BIC    acc:{'fdr': '0.600', 'tpr': '0.500', 'fpr': '0.300', 'shd': '   8', 'nnz': '  10'}, exec time:86.87398409843445, BIC score:-9201.453125
2022-05-02 20:42:10,447 -- INFO: BNRL BIC    acc:{'fdr': '0.000', 'tpr': '0.000', 'fpr': '0.000', 'shd': '   8', 'nnz': '   0'}, exec time:55.50504279136658, BIC score:0.0
2022-05-02 20:45:42,718 -- INFO: BNRL BIC    acc:{'fdr': '0.000', 'tpr': '0.000', 'fpr': '0.000', 'shd': '   8', 'nnz': '   0'}, exec time:3.9440019130706787, BIC score:-12201.40234375
2022-05-02 20:47:45,536 -- INFO: BNRL BIC    acc:{'fdr': '0.375', 'tpr': '0.625', 'fpr': '0.150', 'shd': '   4', 'nnz': '   8'}, exec time:89.21623015403748, BIC score:-9194.1513671875
2022-05-04 09:42:27,560 -- INFO: BNRL BIC    acc:{'fdr': '1.000', 'tpr': '0.000', 'fpr': '0.600', 'shd': '  13', 'nnz': '  12'}, exec time:31.593003749847412, BIC score:-9214.5322265625
2022-05-04 09:43:17,635 -- INFO: BNRL BIC    acc:{'fdr': '1.000', 'tpr': '0.000', 'fpr': '0.600', 'shd': '  13', 'nnz': '  12'}, exec time:31.340861082077026, BIC score:-9214.5322265625
2022-05-04 09:46:18,546 -- INFO: BNRL BIC    acc:{'fdr': '0.810', 'tpr': '0.500', 'fpr': '0.850', 'shd': '  17', 'nnz': '  21'}, exec time:28.734014987945557, BIC score:-9303.833984375
2022-05-05 10:33:18,555 -- INFO: BNRL BIC    acc:{'fdr': '0.727', 'tpr': '0.375', 'fpr': '0.400', 'shd': '   9', 'nnz': '  11'}, exec time:26.419472694396973, BIC score:-9219.421875
2022-05-05 19:17:49,030 -- INFO: BNRL BIC    acc:{'fdr': '0.375', 'tpr': '0.625', 'fpr': '0.150', 'shd': '   4', 'nnz': '   8'}, exec time:253.2087733745575, BIC score:-9186.7509765625
2022-05-06 19:51:10,860 -- INFO: BNRL BIC    acc:{'fdr': '0.700', 'tpr': '0.375', 'fpr': '0.350', 'shd': '   8', 'nnz': '  10'}, exec time:93.2737238407135, BIC score:-9208.984375
2022-05-06 19:56:29,361 -- INFO: BNRL BIC    acc:{'fdr': '0.700', 'tpr': '0.375', 'fpr': '0.350', 'shd': '   8', 'nnz': '  10'}, exec time:66.70568919181824, BIC score:-9208.984375
2022-05-06 20:27:41,992 -- INFO: BNRL BIC    acc:{'fdr': '0.143', 'tpr': '0.750', 'fpr': '0.050', 'shd': '   2', 'nnz': '   7'}, exec time:88.44037199020386, BIC score:-9187.0302734375
2022-05-07 16:35:21,235 -- INFO: BNRL BIC    acc:{'fdr': '0.778', 'tpr': '0.250', 'fpr': '0.350', 'shd': '   8', 'nnz': '   9'}, exec time:86.55751466751099, BIC score:-9196.1142578125
2022-05-08 08:35:09,006 -- INFO: BNRL BIC    acc:{'fdr': '0.600', 'tpr': '0.500', 'fpr': '0.300', 'shd': '   8', 'nnz': '  10'}, exec time:91.40283274650574, BIC score:-9216.845703125
2022-05-08 13:00:51,424 -- INFO: BNRLBDeu    acc:{'fdr': '0.583', 'tpr': '0.625', 'fpr': '0.350', 'shd': '   7', 'nnz': '  12'}, exec time:129.67467141151428, BDeu score:-9231.53125
2022-05-10 19:03:07,302 -- INFO: BNRL BIC    acc:{'fdr': '0.850', 'tpr': '0.375', 'fpr': '0.850', 'shd': '  19', 'nnz': '  20'}, exec time:384.053519487381, BIC score:-9301.7802734375
2022-05-11 09:21:14,339 -- INFO: BNRLBDeu    acc:{'fdr': '0.933', 'tpr': '0.125', 'fpr': '0.700', 'shd': '  14', 'nnz': '  15'}, exec time:256.9172263145447, BDeu score:-9231.0751953125
2022-05-12 03:45:49,334 -- INFO: BNRLBDeu    acc:{'fdr': '0.929', 'tpr': '0.125', 'fpr': '0.650', 'shd': '  13', 'nnz': '  14'}, exec time:204.79711818695068, BDeu score:-9230.5615234375
2022-05-12 06:48:50,427 -- INFO: BNRL BIC    acc:{'fdr': '1.000', 'tpr': '0.000', 'fpr': '0.550', 'shd': '  12', 'nnz': '  11'}, exec time:197.8249077796936, BIC score:-9205.9912109375
